<?xml version="1.0" encoding="UTF-8"?>
<testsuite xmlns:xsi="http://www.w3.org/2001/XMLSchema-instance" xsi:noNamespaceSchemaLocation="https://maven.apache.org/surefire/maven-surefire-plugin/xsd/surefire-test-report.xsd" name="Client.CliConnectTest" time="2.507" tests="2" errors="0" skipped="0" failures="0">
  <properties>
[...]
</properties>
  <testcase name="connectClient" classname="Client.CliConnectTest" time="0.451"/>
  <testcase name="wrongPortClient" classname="Client.CliConnectTest" time="2.02"/>
</testsuite>